VirtualBox XPCOM Server 5.2.10_Ubuntu r121806 linux.amd64 (Jun 15 2018 16:14:07) release log
00:00:00.017460 main     Log opened 2018-11-18T17:43:47.247247000Z
00:00:00.017463 main     Build Type: release
00:00:00.017467 main     OS Product: Linux
00:00:00.017468 main     OS Release: 4.15.0-39-generic
00:00:00.017469 main     OS Version: #42-Ubuntu SMP Tue Oct 23 15:48:01 UTC 2018
00:00:00.017496 main     DMI Product Name: 80K6
00:00:00.017504 main     DMI Product Version: Lenovo Z51-70
00:00:00.017568 main     Host RAM: 7890MB (7.7GB) total, 6549MB (6.3GB) available
00:00:00.017572 main     Executable: /usr/lib/virtualbox/VBoxSVC
00:00:00.017572 main     Process ID: 12448
00:00:00.017573 main     Package type: LINUX_64BITS_GENERIC (OSE)
00:00:00.019176 main     IPC socket path: /tmp/.vbox-tehftw-ipc/ipcd
00:00:00.154647 nspr-2   VirtualBox: object creation starts
00:00:00.162999 nspr-2   Home directory: '/home/tehftw/.config/VirtualBox'
00:00:00.172451 nspr-2   Loading settings file "/home/tehftw/.config/VirtualBox/VirtualBox.xml" with version "1.12-linux"
00:00:00.223173 nspr-2   NetIfAdpCtlOut: VBoxNetAdpCtl: Error while retrieving link speed for wlp3s0: VBoxNetAdpCtl: ioctl failed: Operation not supported
00:00:00.243857 nspr-2   NAT: resolv.conf: nameserver 127.0.0.53
00:00:00.243892 nspr-2   HostDnsMonitor: old information
00:00:00.243896 nspr-2     no server entries
00:00:00.243899 nspr-2     no domain set
00:00:00.243901 nspr-2     no search string entries
00:00:00.243904 nspr-2   HostDnsMonitor: new information
00:00:00.243907 nspr-2     server 1: 127.0.0.53
00:00:00.243910 nspr-2     domain: NAT.warszawa.vectranet.pl
00:00:00.243913 nspr-2     search string 1: NAT.warszawa.vectranet.pl
00:00:00.243918 nspr-2   HostDnsMonitorProxy::notify
00:00:00.245966 nspr-2   Failed to open "/dev/vboxdrvu", errno=13, rc=VERR_VM_DRIVER_NOT_ACCESSIBLE
00:00:00.258359 nspr-2   VD: VDInit finished with VINF_SUCCESS
00:00:00.266450 nspr-2   VirtualBox: object created
00:00:06.549684 nspr-2   Failed to open "/dev/vboxdrvu", errno=13, rc=VERR_VM_DRIVER_NOT_ACCESSIBLE
00:00:06.551623 nspr-2   Failed to open "/dev/vboxdrvu", errno=13, rc=VERR_VM_DRIVER_NOT_ACCESSIBLE
00:00:37.289956 nspr-2   Saving settings file "/home/tehftw/VirtualBox VMs/archlinux/archlinux.vbox" with version "1.16-linux"
00:00:37.304654 nspr-2   WARNING [COM]: aRC=NS_ERROR_FAILURE (0x80004005) aIID={afca788c-4477-787d-60b2-3fa70e56fbbc} aComponent={HostWrap} aText={VirtualBox is not currently allowed to access USB devices.  You can change this by adding your user to the 'vboxusers' group.  Please see the user manual for a more detailed explanation}, preserve=true  aResultDetail=0
00:00:37.310329 nspr-2   Saving settings file "/home/tehftw/VirtualBox VMs/archlinux/archlinux.vbox" with version "1.16-linux"
00:00:37.315584 nspr-2   Saving settings file "/home/tehftw/.config/VirtualBox/VirtualBox.xml" with version "1.12-linux"
00:00:37.338852 nspr-4   Saving settings file "/home/tehftw/VirtualBox VMs/archlinux/archlinux.vbox" with version "1.16-linux"
00:00:37.370891 nspr-4   ERROR [COM]: aRC=NS_ERROR_FAILURE (0x80004005) aIID={85cd948e-a71f-4289-281e-0ca7ad48cd89} aComponent={MachineWrap} aText={This machine does not have any snapshots}, preserve=false aResultDetail=0
00:00:49.572635 nspr-5   WARNING [COM]: aRC=NS_ERROR_FAILURE (0x80004005) aIID={afca788c-4477-787d-60b2-3fa70e56fbbc} aComponent={HostWrap} aText={VirtualBox is not currently allowed to access USB devices.  You can change this by adding your user to the 'vboxusers' group.  Please see the user manual for a more detailed explanation}, preserve=true  aResultDetail=0
00:00:49.573743 nspr-6   WARNING [COM]: aRC=NS_ERROR_FAILURE (0x80004005) aIID={afca788c-4477-787d-60b2-3fa70e56fbbc} aComponent={HostWrap} aText={VirtualBox is not currently allowed to access USB devices.  You can change this by adding your user to the 'vboxusers' group.  Please see the user manual for a more detailed explanation}, preserve=true  aResultDetail=0
00:00:49.574117 nspr-6   ERROR [COM]: aRC=VBOX_E_OBJECT_NOT_FOUND (0x80bb0001) aIID={edba9d10-45d8-b440-1712-46ac0c9bc4c5} aComponent={ExtPackManagerWrap} aText={No extension pack by the name 'Oracle VM VirtualBox Extension Pack' was found}, preserve=false aResultDetail=0
00:00:49.623706 nspr-6   WARNING [COM]: aRC=NS_ERROR_FAILURE (0x80004005) aIID={afca788c-4477-787d-60b2-3fa70e56fbbc} aComponent={HostWrap} aText={VirtualBox is not currently allowed to access USB devices.  You can change this by adding your user to the 'vboxusers' group.  Please see the user manual for a more detailed explanation}, preserve=true  aResultDetail=0
00:00:49.624761 nspr-5   WARNING [COM]: aRC=NS_ERROR_FAILURE (0x80004005) aIID={afca788c-4477-787d-60b2-3fa70e56fbbc} aComponent={HostWrap} aText={VirtualBox is not currently allowed to access USB devices.  You can change this by adding your user to the 'vboxusers' group.  Please see the user manual for a more detailed explanation}, preserve=true  aResultDetail=0
00:00:49.640808 nspr-5   ERROR [COM]: aRC=VBOX_E_IPRT_ERROR (0x80bb0005) aIID={85cd948e-a71f-4289-281e-0ca7ad48cd89} aComponent={SessionMachine} aText={Saved screenshot data is not available (VERR_NOT_SUPPORTED)}, preserve=false aResultDetail=0
00:00:49.667316 nspr-6   NetIfAdpCtlOut: VBoxNetAdpCtl: Error while retrieving link speed for wlp3s0: VBoxNetAdpCtl: ioctl failed: Operation not supported
00:01:02.690503 nspr-3   Saving settings file "/home/tehftw/.config/VirtualBox/VirtualBox.xml" with version "1.12-linux"
00:01:02.699123 nspr-6   Saving settings file "/home/tehftw/.config/VirtualBox/VirtualBox.xml" with version "1.12-linux"
00:01:03.869889 nspr-4   Saving settings file "/home/tehftw/VirtualBox VMs/archlinux/archlinux.vbox" with version "1.16-linux"
00:01:04.043655 nspr-7   Failed to open "/dev/vboxdrvu", errno=13, rc=VERR_VM_DRIVER_NOT_ACCESSIBLE
00:01:04.047850 nspr-6   WARNING [COM]: aRC=NS_ERROR_FAILURE (0x80004005) aIID={afca788c-4477-787d-60b2-3fa70e56fbbc} aComponent={HostWrap} aText={VirtualBox is not currently allowed to access USB devices.  You can change this by adding your user to the 'vboxusers' group.  Please see the user manual for a more detailed explanation}, preserve=true  aResultDetail=0
00:01:45.615861 nspr-5   Saving settings file "/home/tehftw/VirtualBox VMs/archlinux/archlinux.vbox" with version "1.16-linux"
00:01:45.700162 nspr-2   Saving settings file "/home/tehftw/VirtualBox VMs/archlinux/archlinux.vbox" with version "1.16-linux"
00:01:46.240927 nspr-2   Saving settings file "/home/tehftw/VirtualBox VMs/archlinux/archlinux.vbox" with version "1.16-linux"
00:01:46.266290 nspr-3   Saving settings file "/home/tehftw/VirtualBox VMs/archlinux/archlinux.vbox" with version "1.16-linux"
00:01:48.624140 nspr-5   WARNING [COM]: aRC=NS_ERROR_FAILURE (0x80004005) aIID={afca788c-4477-787d-60b2-3fa70e56fbbc} aComponent={HostWrap} aText={VirtualBox is not currently allowed to access USB devices.  You can change this by adding your user to the 'vboxusers' group.  Please see the user manual for a more detailed explanation}, preserve=true  aResultDetail=0
00:01:48.625214 nspr-7   WARNING [COM]: aRC=NS_ERROR_FAILURE (0x80004005) aIID={afca788c-4477-787d-60b2-3fa70e56fbbc} aComponent={HostWrap} aText={VirtualBox is not currently allowed to access USB devices.  You can change this by adding your user to the 'vboxusers' group.  Please see the user manual for a more detailed explanation}, preserve=true  aResultDetail=0
00:01:48.625599 nspr-7   ERROR [COM]: aRC=VBOX_E_OBJECT_NOT_FOUND (0x80bb0001) aIID={edba9d10-45d8-b440-1712-46ac0c9bc4c5} aComponent={ExtPackManagerWrap} aText={No extension pack by the name 'Oracle VM VirtualBox Extension Pack' was found}, preserve=false aResultDetail=0
00:01:48.657605 nspr-3   WARNING [COM]: aRC=NS_ERROR_FAILURE (0x80004005) aIID={afca788c-4477-787d-60b2-3fa70e56fbbc} aComponent={HostWrap} aText={VirtualBox is not currently allowed to access USB devices.  You can change this by adding your user to the 'vboxusers' group.  Please see the user manual for a more detailed explanation}, preserve=true  aResultDetail=0
00:01:48.659047 nspr-5   WARNING [COM]: aRC=NS_ERROR_FAILURE (0x80004005) aIID={afca788c-4477-787d-60b2-3fa70e56fbbc} aComponent={HostWrap} aText={VirtualBox is not currently allowed to access USB devices.  You can change this by adding your user to the 'vboxusers' group.  Please see the user manual for a more detailed explanation}, preserve=true  aResultDetail=0
00:01:48.678064 nspr-4   ERROR [COM]: aRC=VBOX_E_IPRT_ERROR (0x80bb0005) aIID={85cd948e-a71f-4289-281e-0ca7ad48cd89} aComponent={SessionMachine} aText={Saved screenshot data is not available (VERR_NOT_SUPPORTED)}, preserve=false aResultDetail=0
00:01:48.696699 nspr-5   NetIfAdpCtlOut: VBoxNetAdpCtl: Error while retrieving link speed for wlp3s0: VBoxNetAdpCtl: ioctl failed: Operation not supported
00:01:48.762463 nspr-4   Failed to open "/dev/vboxdrvu", errno=13, rc=VERR_VM_DRIVER_NOT_ACCESSIBLE
00:01:48.768664 nspr-2   WARNING [COM]: aRC=NS_ERROR_FAILURE (0x80004005) aIID={afca788c-4477-787d-60b2-3fa70e56fbbc} aComponent={HostWrap} aText={VirtualBox is not currently allowed to access USB devices.  You can change this by adding your user to the 'vboxusers' group.  Please see the user manual for a more detailed explanation}, preserve=true  aResultDetail=0
00:12:55.681269 nspr-5   Saving settings file "/home/tehftw/.config/VirtualBox/VirtualBox.xml" with version "1.12-linux"
00:12:55.694486 nspr-4   Saving settings file "/home/tehftw/.config/VirtualBox/VirtualBox.xml" with version "1.12-linux"
00:12:55.708903 nspr-8   Saving settings file "/home/tehftw/.config/VirtualBox/VirtualBox.xml" with version "1.12-linux"
00:12:55.726124 nspr-5   Saving settings file "/home/tehftw/.config/VirtualBox/VirtualBox.xml" with version "1.12-linux"
